<?xml version="1.0" encoding="UTF-8"?>
<!-- Generated by org.testng.reporters.JUnitReportReporter -->
<testsuite hostname="NODE49" name="com.framework.project.classes.GmailLogin" tests="1" failures="0" timestamp="21 Nov 2014 09:58:12 GMT" time="54.011" errors="0">
  <testcase name="verifyLoginTest" time="54.011" classname="com.framework.project.classes.GmailLogin"/>
</testsuite> <!-- com.framework.project.classes.GmailLogin -->
