<?xml version="1.0" encoding="UTF-8"?>
<!-- Generated by org.testng.reporters.JUnitReportReporter -->
<testsuite hostname="NODE49" name="com.framework.project.classes.GmailLogin" tests="1" failures="0" timestamp="20 Nov 2014 09:46:16 GMT" time="30.924" errors="0">
  <testcase name="verifyLoginTest" time="30.924" classname="com.framework.project.classes.GmailLogin"/>
</testsuite> <!-- com.framework.project.classes.GmailLogin -->
