<?xml version="1.0" encoding="UTF-8"?>
<!-- Generated by org.testng.reporters.JUnitReportReporter -->
<testsuite hostname="NODE49" name="com.framework.project.classes.GmailLoginTest" tests="1" failures="0" timestamp="8 Dec 2014 06:10:34 GMT" time="36.487" errors="0">
  <testcase name="verifyLoginTest" time="36.487" classname="com.framework.project.classes.GmailLoginTest"/>
</testsuite> <!-- com.framework.project.classes.GmailLoginTest -->
